/home/lydia-chheng/.local/lib/python3.10/site-packages/setuptools/_distutils/dist.py:261: UserWarning: Unknown distribution option: 'tests_require'
  warnings.warn(msg)
running egg_info
writing ../../build/launch_substitution/launch_substitution.egg-info/PKG-INFO
writing dependency_links to ../../build/launch_substitution/launch_substitution.egg-info/dependency_links.txt
writing requirements to ../../build/launch_substitution/launch_substitution.egg-info/requires.txt
writing top-level names to ../../build/launch_substitution/launch_substitution.egg-info/top_level.txt
reading manifest file '../../build/launch_substitution/launch_substitution.egg-info/SOURCES.txt'
adding license file 'LICENSE'
writing manifest file '../../build/launch_substitution/launch_substitution.egg-info/SOURCES.txt'
running build
running build_py
copying launch_substitution/__init__.py -> /home/lydia-chheng/launch_ws/build/launch_substitution/build/lib/launch_substitution
running install
running install_lib
running install_data
copying resource/launch_substitution -> /home/lydia-chheng/launch_ws/install/launch_substitution/share/ament_index/resource_index/packages
copying package.xml -> /home/lydia-chheng/launch_ws/install/launch_substitution/share/launch_substitution
running install_egg_info
removing '/home/lydia-chheng/launch_ws/install/launch_substitution/lib/python3.10/site-packages/launch_substitution-0.0.0-py3.10.egg-info' (and everything under it)
Copying ../../build/launch_substitution/launch_substitution.egg-info to /home/lydia-chheng/launch_ws/install/launch_substitution/lib/python3.10/site-packages/launch_substitution-0.0.0-py3.10.egg-info
running install_scripts
writing list of installed files to '/home/lydia-chheng/launch_ws/build/launch_substitution/install.log'
