[0.193s] DEBUG:colcon:Command line arguments: ['/usr/bin/colcon', 'build']
[0.194s] DEBUG:colcon:Parsed command line arguments: Namespace(log_base=None, log_level=None, verb_name='build', build_base='build', install_base='install', merge_install=False, symlink_install=False, test_result_base=None, continue_on_error=False, executor='parallel', parallel_workers=4, event_handlers=None, ignore_user_meta=False, metas=['./colcon.meta'], base_paths=['.'], packages_ignore=None, packages_ignore_regex=None, paths=None, packages_up_to=None, packages_up_to_regex=None, packages_above=None, packages_above_and_dependencies=None, packages_above_depth=None, packages_select_by_dep=None, packages_skip_by_dep=None, packages_skip_up_to=None, packages_select_build_failed=False, packages_skip_build_finished=False, packages_select_test_failures=False, packages_skip_test_passed=False, packages_select=None, packages_skip=None, packages_select_regex=None, packages_skip_regex=None, packages_start=None, packages_end=None, allow_overriding=[], cmake_args=None, cmake_target=None, cmake_target_skip_unavailable=False, cmake_clean_cache=False, cmake_clean_first=False, cmake_force_configure=False, ament_cmake_args=None, catkin_cmake_args=None, catkin_skip_building_tests=False, mixin_files=None, mixin=None, verb_parser=<colcon_mixin.mixin.mixin_argument.MixinArgumentDecorator object at 0x79df9e833280>, verb_extension=<colcon_core.verb.build.BuildVerb object at 0x79df9e832d40>, main=<bound method BuildVerb.main of <colcon_core.verb.build.BuildVerb object at 0x79df9e832d40>>, mixin_verb=('build',))
[0.255s] Level 1:colcon.colcon_core.package_discovery:discover_packages(colcon_meta) check parameters
[0.255s] Level 1:colcon.colcon_core.package_discovery:discover_packages(recursive) check parameters
[0.255s] Level 1:colcon.colcon_core.package_discovery:discover_packages(ignore) check parameters
[0.255s] Level 1:colcon.colcon_core.package_discovery:discover_packages(path) check parameters
[0.255s] Level 1:colcon.colcon_core.package_discovery:discover_packages(colcon_meta) discover
[0.255s] Level 1:colcon.colcon_core.package_discovery:discover_packages(recursive) discover
[0.255s] INFO:colcon.colcon_core.package_discovery:Crawling recursively for packages in '/home/lydia-chheng/launch_ws'
[0.256s] Level 1:colcon.colcon_core.package_identification:_identify(.) by extensions ['ignore', 'ignore_ament_install']
[0.256s] Level 1:colcon.colcon_core.package_identification:_identify(.) by extension 'ignore'
[0.256s] Level 1:colcon.colcon_core.package_identification:_identify(.) by extension 'ignore_ament_install'
[0.256s] Level 1:colcon.colcon_core.package_identification:_identify(.) by extensions ['colcon_pkg']
[0.256s] Level 1:colcon.colcon_core.package_identification:_identify(.) by extension 'colcon_pkg'
[0.256s] Level 1:colcon.colcon_core.package_identification:_identify(.) by extensions ['colcon_meta']
[0.256s] Level 1:colcon.colcon_core.package_identification:_identify(.) by extension 'colcon_meta'
[0.256s] Level 1:colcon.colcon_core.package_identification:_identify(.) by extensions ['ros']
[0.257s] Level 1:colcon.colcon_core.package_identification:_identify(.) by extension 'ros'
[0.281s] Level 1:colcon.colcon_core.package_identification:_identify(.) by extensions ['cmake', 'python']
[0.281s] Level 1:colcon.colcon_core.package_identification:_identify(.) by extension 'cmake'
[0.282s] Level 1:colcon.colcon_core.package_identification:_identify(.) by extension 'python'
[0.282s] Level 1:colcon.colcon_core.package_identification:_identify(.) by extensions ['python_setup_py']
[0.282s] Level 1:colcon.colcon_core.package_identification:_identify(.) by extension 'python_setup_py'
[0.282s] Level 1:colcon.colcon_core.package_identification:_identify(build) by extensions ['ignore', 'ignore_ament_install']
[0.282s] Level 1:colcon.colcon_core.package_identification:_identify(build) by extension 'ignore'
[0.282s] Level 1:colcon.colcon_core.package_identification:_identify(build) ignored
[0.283s] Level 1:colcon.colcon_core.package_identification:_identify(install) by extensions ['ignore', 'ignore_ament_install']
[0.283s] Level 1:colcon.colcon_core.package_identification:_identify(install) by extension 'ignore'
[0.283s] Level 1:colcon.colcon_core.package_identification:_identify(install) ignored
[0.283s] Level 1:colcon.colcon_core.package_identification:_identify(log) by extensions ['ignore', 'ignore_ament_install']
[0.284s] Level 1:colcon.colcon_core.package_identification:_identify(log) by extension 'ignore'
[0.284s] Level 1:colcon.colcon_core.package_identification:_identify(log) ignored
[0.284s] Level 1:colcon.colcon_core.package_identification:_identify(src) by extensions ['ignore', 'ignore_ament_install']
[0.284s] Level 1:colcon.colcon_core.package_identification:_identify(src) by extension 'ignore'
[0.284s] Level 1:colcon.colcon_core.package_identification:_identify(src) by extension 'ignore_ament_install'
[0.284s] Level 1:colcon.colcon_core.package_identification:_identify(src) by extensions ['colcon_pkg']
[0.284s] Level 1:colcon.colcon_core.package_identification:_identify(src) by extension 'colcon_pkg'
[0.284s] Level 1:colcon.colcon_core.package_identification:_identify(src) by extensions ['colcon_meta']
[0.285s] Level 1:colcon.colcon_core.package_identification:_identify(src) by extension 'colcon_meta'
[0.285s] Level 1:colcon.colcon_core.package_identification:_identify(src) by extensions ['ros']
[0.285s] Level 1:colcon.colcon_core.package_identification:_identify(src) by extension 'ros'
[0.285s] Level 1:colcon.colcon_core.package_identification:_identify(src) by extensions ['cmake', 'python']
[0.285s] Level 1:colcon.colcon_core.package_identification:_identify(src) by extension 'cmake'
[0.285s] Level 1:colcon.colcon_core.package_identification:_identify(src) by extension 'python'
[0.285s] Level 1:colcon.colcon_core.package_identification:_identify(src) by extensions ['python_setup_py']
[0.285s] Level 1:colcon.colcon_core.package_identification:_identify(src) by extension 'python_setup_py'
[0.286s] Level 1:colcon.colcon_core.package_identification:_identify(src/launch_tutorial) by extensions ['ignore', 'ignore_ament_install']
[0.286s] Level 1:colcon.colcon_core.package_identification:_identify(src/launch_tutorial) by extension 'ignore'
[0.286s] Level 1:colcon.colcon_core.package_identification:_identify(src/launch_tutorial) by extension 'ignore_ament_install'
[0.286s] Level 1:colcon.colcon_core.package_identification:_identify(src/launch_tutorial) by extensions ['colcon_pkg']
[0.286s] Level 1:colcon.colcon_core.package_identification:_identify(src/launch_tutorial) by extension 'colcon_pkg'
[0.286s] Level 1:colcon.colcon_core.package_identification:_identify(src/launch_tutorial) by extensions ['colcon_meta']
[0.286s] Level 1:colcon.colcon_core.package_identification:_identify(src/launch_tutorial) by extension 'colcon_meta'
[0.286s] Level 1:colcon.colcon_core.package_identification:_identify(src/launch_tutorial) by extensions ['ros']
[0.287s] Level 1:colcon.colcon_core.package_identification:_identify(src/launch_tutorial) by extension 'ros'
[0.290s] DEBUG:colcon.colcon_core.package_identification:Package 'src/launch_tutorial' with type 'ros.ament_python' and name 'launch_tutorial'
[0.291s] Level 1:colcon.colcon_core.package_identification:_identify(src/py_launch) by extensions ['ignore', 'ignore_ament_install']
[0.291s] Level 1:colcon.colcon_core.package_identification:_identify(src/py_launch) by extension 'ignore'
[0.291s] Level 1:colcon.colcon_core.package_identification:_identify(src/py_launch) by extension 'ignore_ament_install'
[0.291s] Level 1:colcon.colcon_core.package_identification:_identify(src/py_launch) by extensions ['colcon_pkg']
[0.291s] Level 1:colcon.colcon_core.package_identification:_identify(src/py_launch) by extension 'colcon_pkg'
[0.291s] Level 1:colcon.colcon_core.package_identification:_identify(src/py_launch) by extensions ['colcon_meta']
[0.292s] Level 1:colcon.colcon_core.package_identification:_identify(src/py_launch) by extension 'colcon_meta'
[0.292s] Level 1:colcon.colcon_core.package_identification:_identify(src/py_launch) by extensions ['ros']
[0.292s] Level 1:colcon.colcon_core.package_identification:_identify(src/py_launch) by extension 'ros'
[0.293s] DEBUG:colcon.colcon_core.package_identification:Package 'src/py_launch' with type 'ros.ament_python' and name 'py_launch'
[0.293s] Level 1:colcon.colcon_core.package_discovery:discover_packages(recursive) using defaults
[0.293s] Level 1:colcon.colcon_core.package_discovery:discover_packages(ignore) discover
[0.293s] Level 1:colcon.colcon_core.package_discovery:discover_packages(ignore) using defaults
[0.293s] Level 1:colcon.colcon_core.package_discovery:discover_packages(path) discover
[0.293s] Level 1:colcon.colcon_core.package_discovery:discover_packages(path) using defaults
[0.332s] Level 1:colcon.colcon_core.package_discovery:discover_packages(prefix_path) check parameters
[0.332s] Level 1:colcon.colcon_core.package_discovery:discover_packages(prefix_path) discover
[0.336s] DEBUG:colcon.colcon_installed_package_information.package_discovery:Found 1 installed packages in /home/lydia-chheng/launch_ws/install
[0.339s] DEBUG:colcon.colcon_installed_package_information.package_discovery:Found 294 installed packages in /opt/ros/humble
[0.342s] Level 1:colcon.colcon_core.package_discovery:discover_packages(prefix_path) using defaults
[0.420s] Level 5:colcon.colcon_core.verb:set package 'launch_tutorial' build argument 'cmake_args' from command line to 'None'
[0.421s] Level 5:colcon.colcon_core.verb:set package 'launch_tutorial' build argument 'cmake_target' from command line to 'None'
[0.421s] Level 5:colcon.colcon_core.verb:set package 'launch_tutorial' build argument 'cmake_target_skip_unavailable' from command line to 'False'
[0.421s] Level 5:colcon.colcon_core.verb:set package 'launch_tutorial' build argument 'cmake_clean_cache' from command line to 'False'
[0.421s] Level 5:colcon.colcon_core.verb:set package 'launch_tutorial' build argument 'cmake_clean_first' from command line to 'False'
[0.421s] Level 5:colcon.colcon_core.verb:set package 'launch_tutorial' build argument 'cmake_force_configure' from command line to 'False'
[0.421s] Level 5:colcon.colcon_core.verb:set package 'launch_tutorial' build argument 'ament_cmake_args' from command line to 'None'
[0.421s] Level 5:colcon.colcon_core.verb:set package 'launch_tutorial' build argument 'catkin_cmake_args' from command line to 'None'
[0.421s] Level 5:colcon.colcon_core.verb:set package 'launch_tutorial' build argument 'catkin_skip_building_tests' from command line to 'False'
[0.421s] DEBUG:colcon.colcon_core.verb:Building package 'launch_tutorial' with the following arguments: {'ament_cmake_args': None, 'build_base': '/home/lydia-chheng/launch_ws/build/launch_tutorial', 'catkin_cmake_args': None, 'catkin_skip_building_tests': False, 'cmake_args': None, 'cmake_clean_cache': False, 'cmake_clean_first': False, 'cmake_force_configure': False, 'cmake_target': None, 'cmake_target_skip_unavailable': False, 'install_base': '/home/lydia-chheng/launch_ws/install/launch_tutorial', 'merge_install': False, 'path': '/home/lydia-chheng/launch_ws/src/launch_tutorial', 'symlink_install': False, 'test_result_base': None}
[0.422s] Level 5:colcon.colcon_core.verb:set package 'py_launch' build argument 'cmake_args' from command line to 'None'
[0.422s] Level 5:colcon.colcon_core.verb:set package 'py_launch' build argument 'cmake_target' from command line to 'None'
[0.422s] Level 5:colcon.colcon_core.verb:set package 'py_launch' build argument 'cmake_target_skip_unavailable' from command line to 'False'
[0.422s] Level 5:colcon.colcon_core.verb:set package 'py_launch' build argument 'cmake_clean_cache' from command line to 'False'
[0.422s] Level 5:colcon.colcon_core.verb:set package 'py_launch' build argument 'cmake_clean_first' from command line to 'False'
[0.422s] Level 5:colcon.colcon_core.verb:set package 'py_launch' build argument 'cmake_force_configure' from command line to 'False'
[0.423s] Level 5:colcon.colcon_core.verb:set package 'py_launch' build argument 'ament_cmake_args' from command line to 'None'
[0.423s] Level 5:colcon.colcon_core.verb:set package 'py_launch' build argument 'catkin_cmake_args' from command line to 'None'
[0.423s] Level 5:colcon.colcon_core.verb:set package 'py_launch' build argument 'catkin_skip_building_tests' from command line to 'False'
[0.423s] DEBUG:colcon.colcon_core.verb:Building package 'py_launch' with the following arguments: {'ament_cmake_args': None, 'build_base': '/home/lydia-chheng/launch_ws/build/py_launch', 'catkin_cmake_args': None, 'catkin_skip_building_tests': False, 'cmake_args': None, 'cmake_clean_cache': False, 'cmake_clean_first': False, 'cmake_force_configure': False, 'cmake_target': None, 'cmake_target_skip_unavailable': False, 'install_base': '/home/lydia-chheng/launch_ws/install/py_launch', 'merge_install': False, 'path': '/home/lydia-chheng/launch_ws/src/py_launch', 'symlink_install': False, 'test_result_base': None}
[0.423s] INFO:colcon.colcon_core.executor:Executing jobs using 'parallel' executor
[0.425s] DEBUG:colcon.colcon_parallel_executor.executor.parallel:run_until_complete
[0.426s] INFO:colcon.colcon_ros.task.ament_python.build:Building ROS package in '/home/lydia-chheng/launch_ws/src/launch_tutorial' with build type 'ament_python'
[0.426s] Level 1:colcon.colcon_core.shell:create_environment_hook('launch_tutorial', 'ament_prefix_path')
[0.432s] INFO:colcon.colcon_core.plugin_system:Skipping extension 'colcon_core.shell.bat': Not used on non-Windows systems
[0.432s] INFO:colcon.colcon_core.shell:Creating environment hook '/home/lydia-chheng/launch_ws/install/launch_tutorial/share/launch_tutorial/hook/ament_prefix_path.ps1'
[0.434s] INFO:colcon.colcon_core.shell:Creating environment descriptor '/home/lydia-chheng/launch_ws/install/launch_tutorial/share/launch_tutorial/hook/ament_prefix_path.dsv'
[0.435s] INFO:colcon.colcon_core.shell:Creating environment hook '/home/lydia-chheng/launch_ws/install/launch_tutorial/share/launch_tutorial/hook/ament_prefix_path.sh'
[0.436s] INFO:colcon.colcon_core.shell:Skip shell extension 'powershell' for command environment: Not usable outside of PowerShell
[0.436s] DEBUG:colcon.colcon_core.shell:Skip shell extension 'dsv' for command environment
[0.444s] INFO:colcon.colcon_ros.task.ament_python.build:Building ROS package in '/home/lydia-chheng/launch_ws/src/py_launch' with build type 'ament_python'
[0.445s] Level 1:colcon.colcon_core.shell:create_environment_hook('py_launch', 'ament_prefix_path')
[0.445s] INFO:colcon.colcon_core.shell:Creating environment hook '/home/lydia-chheng/launch_ws/install/py_launch/share/py_launch/hook/ament_prefix_path.ps1'
[0.446s] INFO:colcon.colcon_core.shell:Creating environment descriptor '/home/lydia-chheng/launch_ws/install/py_launch/share/py_launch/hook/ament_prefix_path.dsv'
[0.447s] INFO:colcon.colcon_core.shell:Creating environment hook '/home/lydia-chheng/launch_ws/install/py_launch/share/py_launch/hook/ament_prefix_path.sh'
[0.448s] INFO:colcon.colcon_core.shell:Skip shell extension 'powershell' for command environment: Not usable outside of PowerShell
[0.448s] DEBUG:colcon.colcon_core.shell:Skip shell extension 'dsv' for command environment
[0.842s] INFO:colcon.colcon_core.task.python.build:Building Python package in '/home/lydia-chheng/launch_ws/src/launch_tutorial'
[0.842s] INFO:colcon.colcon_core.shell:Skip shell extension 'powershell' for command environment: Not usable outside of PowerShell
[0.843s] DEBUG:colcon.colcon_core.shell:Skip shell extension 'dsv' for command environment
[1.248s] INFO:colcon.colcon_core.task.python.build:Building Python package in '/home/lydia-chheng/launch_ws/src/py_launch'
[1.248s] INFO:colcon.colcon_core.shell:Skip shell extension 'powershell' for command environment: Not usable outside of PowerShell
[1.248s] DEBUG:colcon.colcon_core.shell:Skip shell extension 'dsv' for command environment
[2.396s] DEBUG:colcon.colcon_core.event_handler.log_command:Invoking command in '/home/lydia-chheng/launch_ws/src/launch_tutorial': PYTHONPATH=/home/lydia-chheng/launch_ws/build/launch_tutorial/prefix_override:/usr/lib/python3/dist-packages/colcon_core/task/python/colcon_distutils_commands:/home/lydia-chheng/launch_ws/install/launch_tutorial/lib/python3.10/site-packages:${PYTHONPATH} /usr/bin/python3 -W ignore:setup.py install is deprecated -W ignore:easy_install command is deprecated setup.py egg_info --egg-base ../../build/launch_tutorial build --build-base /home/lydia-chheng/launch_ws/build/launch_tutorial/build install --record /home/lydia-chheng/launch_ws/build/launch_tutorial/install.log --single-version-externally-managed install_data
[2.404s] DEBUG:colcon.colcon_core.event_handler.log_command:Invoking command in '/home/lydia-chheng/launch_ws/src/py_launch': PYTHONPATH=/home/lydia-chheng/launch_ws/build/py_launch/prefix_override:/usr/lib/python3/dist-packages/colcon_core/task/python/colcon_distutils_commands:/home/lydia-chheng/launch_ws/install/py_launch/lib/python3.10/site-packages:${PYTHONPATH} /usr/bin/python3 -W ignore:setup.py install is deprecated -W ignore:easy_install command is deprecated setup.py egg_info --egg-base ../../build/py_launch build --build-base /home/lydia-chheng/launch_ws/build/py_launch/build install --record /home/lydia-chheng/launch_ws/build/py_launch/install.log --single-version-externally-managed install_data
[3.519s] DEBUG:colcon.colcon_core.event_handler.log_command:Invoked command in '/home/lydia-chheng/launch_ws/src/launch_tutorial' returned '0': PYTHONPATH=/home/lydia-chheng/launch_ws/build/launch_tutorial/prefix_override:/usr/lib/python3/dist-packages/colcon_core/task/python/colcon_distutils_commands:/home/lydia-chheng/launch_ws/install/launch_tutorial/lib/python3.10/site-packages:${PYTHONPATH} /usr/bin/python3 -W ignore:setup.py install is deprecated -W ignore:easy_install command is deprecated setup.py egg_info --egg-base ../../build/launch_tutorial build --build-base /home/lydia-chheng/launch_ws/build/launch_tutorial/build install --record /home/lydia-chheng/launch_ws/build/launch_tutorial/install.log --single-version-externally-managed install_data
[3.526s] Level 1:colcon.colcon_core.environment:checking '/home/lydia-chheng/launch_ws/install/launch_tutorial' for CMake module files
[3.527s] Level 1:colcon.colcon_core.environment:checking '/home/lydia-chheng/launch_ws/install/launch_tutorial' for CMake config files
[3.528s] Level 1:colcon.colcon_core.environment:checking '/home/lydia-chheng/launch_ws/install/launch_tutorial/lib'
[3.529s] Level 1:colcon.colcon_core.environment:checking '/home/lydia-chheng/launch_ws/install/launch_tutorial/bin'
[3.529s] Level 1:colcon.colcon_core.environment:checking '/home/lydia-chheng/launch_ws/install/launch_tutorial/lib/pkgconfig/launch_tutorial.pc'
[3.529s] Level 1:colcon.colcon_core.environment:checking '/home/lydia-chheng/launch_ws/install/launch_tutorial/lib/python3.10/site-packages'
[3.529s] Level 1:colcon.colcon_core.shell:create_environment_hook('launch_tutorial', 'pythonpath')
[3.530s] INFO:colcon.colcon_core.shell:Creating environment hook '/home/lydia-chheng/launch_ws/install/launch_tutorial/share/launch_tutorial/hook/pythonpath.ps1'
[3.531s] INFO:colcon.colcon_core.shell:Creating environment descriptor '/home/lydia-chheng/launch_ws/install/launch_tutorial/share/launch_tutorial/hook/pythonpath.dsv'
[3.531s] INFO:colcon.colcon_core.shell:Creating environment hook '/home/lydia-chheng/launch_ws/install/launch_tutorial/share/launch_tutorial/hook/pythonpath.sh'
[3.532s] Level 1:colcon.colcon_core.environment:checking '/home/lydia-chheng/launch_ws/install/launch_tutorial/bin'
[3.532s] Level 1:colcon.colcon_core.environment:create_environment_scripts_only(launch_tutorial)
[3.533s] INFO:colcon.colcon_core.shell:Creating package script '/home/lydia-chheng/launch_ws/install/launch_tutorial/share/launch_tutorial/package.ps1'
[3.535s] INFO:colcon.colcon_core.shell:Creating package descriptor '/home/lydia-chheng/launch_ws/install/launch_tutorial/share/launch_tutorial/package.dsv'
[3.536s] INFO:colcon.colcon_core.shell:Creating package script '/home/lydia-chheng/launch_ws/install/launch_tutorial/share/launch_tutorial/package.sh'
[3.538s] INFO:colcon.colcon_core.shell:Creating package script '/home/lydia-chheng/launch_ws/install/launch_tutorial/share/launch_tutorial/package.bash'
[3.540s] INFO:colcon.colcon_core.shell:Creating package script '/home/lydia-chheng/launch_ws/install/launch_tutorial/share/launch_tutorial/package.zsh'
[3.541s] Level 1:colcon.colcon_core.environment:create_file_with_runtime_dependencies(/home/lydia-chheng/launch_ws/install/launch_tutorial/share/colcon-core/packages/launch_tutorial)
[3.558s] Level 1:colcon.colcon_core.environment:checking '/home/lydia-chheng/launch_ws/install/py_launch' for CMake module files
[3.560s] DEBUG:colcon.colcon_core.event_handler.log_command:Invoked command in '/home/lydia-chheng/launch_ws/src/py_launch' returned '0': PYTHONPATH=/home/lydia-chheng/launch_ws/build/py_launch/prefix_override:/usr/lib/python3/dist-packages/colcon_core/task/python/colcon_distutils_commands:/home/lydia-chheng/launch_ws/install/py_launch/lib/python3.10/site-packages:${PYTHONPATH} /usr/bin/python3 -W ignore:setup.py install is deprecated -W ignore:easy_install command is deprecated setup.py egg_info --egg-base ../../build/py_launch build --build-base /home/lydia-chheng/launch_ws/build/py_launch/build install --record /home/lydia-chheng/launch_ws/build/py_launch/install.log --single-version-externally-managed install_data
[3.561s] Level 1:colcon.colcon_core.environment:checking '/home/lydia-chheng/launch_ws/install/py_launch' for CMake config files
[3.562s] Level 1:colcon.colcon_core.environment:checking '/home/lydia-chheng/launch_ws/install/py_launch/lib'
[3.562s] Level 1:colcon.colcon_core.environment:checking '/home/lydia-chheng/launch_ws/install/py_launch/bin'
[3.562s] Level 1:colcon.colcon_core.environment:checking '/home/lydia-chheng/launch_ws/install/py_launch/lib/pkgconfig/py_launch.pc'
[3.562s] Level 1:colcon.colcon_core.environment:checking '/home/lydia-chheng/launch_ws/install/py_launch/lib/python3.10/site-packages'
[3.562s] Level 1:colcon.colcon_core.shell:create_environment_hook('py_launch', 'pythonpath')
[3.563s] INFO:colcon.colcon_core.shell:Creating environment hook '/home/lydia-chheng/launch_ws/install/py_launch/share/py_launch/hook/pythonpath.ps1'
[3.563s] INFO:colcon.colcon_core.shell:Creating environment descriptor '/home/lydia-chheng/launch_ws/install/py_launch/share/py_launch/hook/pythonpath.dsv'
[3.564s] INFO:colcon.colcon_core.shell:Creating environment hook '/home/lydia-chheng/launch_ws/install/py_launch/share/py_launch/hook/pythonpath.sh'
[3.565s] Level 1:colcon.colcon_core.environment:checking '/home/lydia-chheng/launch_ws/install/py_launch/bin'
[3.565s] Level 1:colcon.colcon_core.environment:create_environment_scripts_only(py_launch)
[3.566s] INFO:colcon.colcon_core.shell:Creating package script '/home/lydia-chheng/launch_ws/install/py_launch/share/py_launch/package.ps1'
[3.567s] INFO:colcon.colcon_core.shell:Creating package descriptor '/home/lydia-chheng/launch_ws/install/py_launch/share/py_launch/package.dsv'
[3.568s] INFO:colcon.colcon_core.shell:Creating package script '/home/lydia-chheng/launch_ws/install/py_launch/share/py_launch/package.sh'
[3.569s] INFO:colcon.colcon_core.shell:Creating package script '/home/lydia-chheng/launch_ws/install/py_launch/share/py_launch/package.bash'
[3.569s] INFO:colcon.colcon_core.shell:Creating package script '/home/lydia-chheng/launch_ws/install/py_launch/share/py_launch/package.zsh'
[3.570s] Level 1:colcon.colcon_core.environment:create_file_with_runtime_dependencies(/home/lydia-chheng/launch_ws/install/py_launch/share/colcon-core/packages/py_launch)
[3.571s] DEBUG:colcon.colcon_parallel_executor.executor.parallel:closing loop
[3.571s] DEBUG:colcon.colcon_parallel_executor.executor.parallel:loop closed
[3.571s] DEBUG:colcon.colcon_parallel_executor.executor.parallel:run_until_complete finished with '0'
[3.571s] DEBUG:colcon.colcon_core.event_reactor:joining thread
[3.590s] INFO:colcon.colcon_core.plugin_system:Skipping extension 'colcon_notification.desktop_notification.terminal_notifier': Not used on non-Darwin systems
[3.590s] INFO:colcon.colcon_core.plugin_system:Skipping extension 'colcon_notification.desktop_notification.win32': Not used on non-Windows systems
[3.591s] INFO:colcon.colcon_notification.desktop_notification:Sending desktop notification using 'notify2'
[3.636s] DEBUG:colcon.colcon_core.event_reactor:joined thread
[3.637s] INFO:colcon.colcon_core.shell:Creating prefix script '/home/lydia-chheng/launch_ws/install/local_setup.ps1'
[3.639s] INFO:colcon.colcon_core.shell:Creating prefix util module '/home/lydia-chheng/launch_ws/install/_local_setup_util_ps1.py'
[3.642s] INFO:colcon.colcon_core.shell:Creating prefix chain script '/home/lydia-chheng/launch_ws/install/setup.ps1'
[3.644s] INFO:colcon.colcon_core.shell:Creating prefix script '/home/lydia-chheng/launch_ws/install/local_setup.sh'
[3.646s] INFO:colcon.colcon_core.shell:Creating prefix util module '/home/lydia-chheng/launch_ws/install/_local_setup_util_sh.py'
[3.647s] INFO:colcon.colcon_core.shell:Creating prefix chain script '/home/lydia-chheng/launch_ws/install/setup.sh'
[3.649s] INFO:colcon.colcon_core.shell:Creating prefix script '/home/lydia-chheng/launch_ws/install/local_setup.bash'
[3.650s] INFO:colcon.colcon_core.shell:Creating prefix chain script '/home/lydia-chheng/launch_ws/install/setup.bash'
[3.653s] INFO:colcon.colcon_core.shell:Creating prefix script '/home/lydia-chheng/launch_ws/install/local_setup.zsh'
[3.654s] INFO:colcon.colcon_core.shell:Creating prefix chain script '/home/lydia-chheng/launch_ws/install/setup.zsh'
