running egg_info
writing ../../build/launch_substitution/launch_substitution.egg-info/PKG-INFO
writing dependency_links to ../../build/launch_substitution/launch_substitution.egg-info/dependency_links.txt
writing requirements to ../../build/launch_substitution/launch_substitution.egg-info/requires.txt
writing top-level names to ../../build/launch_substitution/launch_substitution.egg-info/top_level.txt
reading manifest file '../../build/launch_substitution/launch_substitution.egg-info/SOURCES.txt'
adding license file 'LICENSE'
writing manifest file '../../build/launch_substitution/launch_substitution.egg-info/SOURCES.txt'
running build
running build_py
copying launch_substitution/__init__.py -> /home/lydia-chheng/launch_ws/build/launch_substitution/build/lib/launch_substitution
running install
running install_lib
creating /home/lydia-chheng/launch_ws/install/launch_substitution/lib/python3.10/site-packages/launch_substitution
copying /home/lydia-chheng/launch_ws/build/launch_substitution/build/lib/launch_substitution/__init__.py -> /home/lydia-chheng/launch_ws/install/launch_substitution/lib/python3.10/site-packages/launch_substitution
byte-compiling /home/lydia-chheng/launch_ws/install/launch_substitution/lib/python3.10/site-packages/launch_substitution/__init__.py to __init__.cpython-310.pyc
running install_data
creating /home/lydia-chheng/launch_ws/install/launch_substitution/share/ament_index/resource_index/packages
copying resource/launch_substitution -> /home/lydia-chheng/launch_ws/install/launch_substitution/share/ament_index/resource_index/packages
copying package.xml -> /home/lydia-chheng/launch_ws/install/launch_substitution/share/launch_substitution
creating /home/lydia-chheng/launch_ws/install/launch_substitution/share/launch_substitution/launch
running install_egg_info
Copying ../../build/launch_substitution/launch_substitution.egg-info to /home/lydia-chheng/launch_ws/install/launch_substitution/lib/python3.10/site-packages/launch_substitution-0.0.0-py3.10.egg-info
running install_scripts
writing list of installed files to '/home/lydia-chheng/launch_ws/build/launch_substitution/install.log'
