[1.862s] Invoking command in '/home/lydia-chheng/launch_ws/src/launch_substitution': PYTHONPATH=/home/lydia-chheng/launch_ws/build/launch_substitution/prefix_override:/usr/lib/python3/dist-packages/colcon_core/task/python/colcon_distutils_commands:/home/lydia-chheng/launch_ws/install/launch_substitution/lib/python3.10/site-packages:${PYTHONPATH} /usr/bin/python3 -W ignore:setup.py install is deprecated -W ignore:easy_install command is deprecated setup.py egg_info --egg-base ../../build/launch_substitution build --build-base /home/lydia-chheng/launch_ws/build/launch_substitution/build install --record /home/lydia-chheng/launch_ws/build/launch_substitution/install.log --single-version-externally-managed install_data
[2.145s] /home/lydia-chheng/.local/lib/python3.10/site-packages/setuptools/_distutils/dist.py:261: UserWarning: Unknown distribution option: 'tests_require'
[2.145s]   warnings.warn(msg)
[2.350s] running egg_info
[2.379s] writing ../../build/launch_substitution/launch_substitution.egg-info/PKG-INFO
[2.380s] writing dependency_links to ../../build/launch_substitution/launch_substitution.egg-info/dependency_links.txt
[2.380s] writing requirements to ../../build/launch_substitution/launch_substitution.egg-info/requires.txt
[2.381s] writing top-level names to ../../build/launch_substitution/launch_substitution.egg-info/top_level.txt
[2.450s] reading manifest file '../../build/launch_substitution/launch_substitution.egg-info/SOURCES.txt'
[2.451s] adding license file 'LICENSE'
[2.453s] writing manifest file '../../build/launch_substitution/launch_substitution.egg-info/SOURCES.txt'
[2.454s] running build
[2.454s] running build_py
[2.454s] copying launch_substitution/__init__.py -> /home/lydia-chheng/launch_ws/build/launch_substitution/build/lib/launch_substitution
[2.455s] running install
[2.465s] running install_lib
[2.499s] creating /home/lydia-chheng/launch_ws/install/launch_substitution/lib/python3.10/site-packages/launch_substitution
[2.499s] copying /home/lydia-chheng/launch_ws/build/launch_substitution/build/lib/launch_substitution/__init__.py -> /home/lydia-chheng/launch_ws/install/launch_substitution/lib/python3.10/site-packages/launch_substitution
[2.500s] byte-compiling /home/lydia-chheng/launch_ws/install/launch_substitution/lib/python3.10/site-packages/launch_substitution/__init__.py to __init__.cpython-310.pyc
[2.501s] running install_data
[2.503s] creating /home/lydia-chheng/launch_ws/install/launch_substitution/share/ament_index/resource_index/packages
[2.503s] copying resource/launch_substitution -> /home/lydia-chheng/launch_ws/install/launch_substitution/share/ament_index/resource_index/packages
[2.503s] copying package.xml -> /home/lydia-chheng/launch_ws/install/launch_substitution/share/launch_substitution
[2.503s] creating /home/lydia-chheng/launch_ws/install/launch_substitution/share/launch_substitution/launch
[2.504s] running install_egg_info
[2.542s] Copying ../../build/launch_substitution/launch_substitution.egg-info to /home/lydia-chheng/launch_ws/install/launch_substitution/lib/python3.10/site-packages/launch_substitution-0.0.0-py3.10.egg-info
[2.543s] running install_scripts
[2.815s] writing list of installed files to '/home/lydia-chheng/launch_ws/build/launch_substitution/install.log'
[2.870s] Invoked command in '/home/lydia-chheng/launch_ws/src/launch_substitution' returned '0': PYTHONPATH=/home/lydia-chheng/launch_ws/build/launch_substitution/prefix_override:/usr/lib/python3/dist-packages/colcon_core/task/python/colcon_distutils_commands:/home/lydia-chheng/launch_ws/install/launch_substitution/lib/python3.10/site-packages:${PYTHONPATH} /usr/bin/python3 -W ignore:setup.py install is deprecated -W ignore:easy_install command is deprecated setup.py egg_info --egg-base ../../build/launch_substitution build --build-base /home/lydia-chheng/launch_ws/build/launch_substitution/build install --record /home/lydia-chheng/launch_ws/build/launch_substitution/install.log --single-version-externally-managed install_data
