running egg_info
writing ../../build/py_launch/py_launch.egg-info/PKG-INFO
writing dependency_links to ../../build/py_launch/py_launch.egg-info/dependency_links.txt
writing requirements to ../../build/py_launch/py_launch.egg-info/requires.txt
writing top-level names to ../../build/py_launch/py_launch.egg-info/top_level.txt
reading manifest file '../../build/py_launch/py_launch.egg-info/SOURCES.txt'
adding license file 'LICENSE'
writing manifest file '../../build/py_launch/py_launch.egg-info/SOURCES.txt'
running build
running build_py
copying py_launch/__init__.py -> /home/lydia-chheng/launch_ws/build/py_launch/build/lib/py_launch
running install
running install_lib
running install_data
copying resource/py_launch -> /home/lydia-chheng/launch_ws/install/py_launch/share/ament_index/resource_index/packages
copying package.xml -> /home/lydia-chheng/launch_ws/install/py_launch/share/py_launch
copying launch/my_script_launch.py -> /home/lydia-chheng/launch_ws/install/py_launch/share/py_launch/launch
running install_egg_info
removing '/home/lydia-chheng/launch_ws/install/py_launch/lib/python3.10/site-packages/py_launch-0.0.0-py3.10.egg-info' (and everything under it)
Copying ../../build/py_launch/py_launch.egg-info to /home/lydia-chheng/launch_ws/install/py_launch/lib/python3.10/site-packages/py_launch-0.0.0-py3.10.egg-info
running install_scripts
writing list of installed files to '/home/lydia-chheng/launch_ws/build/py_launch/install.log'
