[1.395s] Invoking command in '/home/lydia-chheng/launch_ws/src/launch_substitution': PYTHONPATH=/home/lydia-chheng/launch_ws/build/launch_substitution/prefix_override:/usr/lib/python3/dist-packages/colcon_core/task/python/colcon_distutils_commands:/home/lydia-chheng/launch_ws/install/launch_substitution/lib/python3.10/site-packages:${PYTHONPATH} /usr/bin/python3 -W ignore:setup.py install is deprecated -W ignore:easy_install command is deprecated setup.py egg_info --egg-base ../../build/launch_substitution build --build-base /home/lydia-chheng/launch_ws/build/launch_substitution/build install --record /home/lydia-chheng/launch_ws/build/launch_substitution/install.log --single-version-externally-managed install_data
[1.659s] /home/lydia-chheng/.local/lib/python3.10/site-packages/setuptools/_distutils/dist.py:261: UserWarning: Unknown distribution option: 'tests_require'
[1.659s]   warnings.warn(msg)
[1.873s] running egg_info
[1.906s] writing ../../build/launch_substitution/launch_substitution.egg-info/PKG-INFO
[1.906s] writing dependency_links to ../../build/launch_substitution/launch_substitution.egg-info/dependency_links.txt
[1.907s] writing requirements to ../../build/launch_substitution/launch_substitution.egg-info/requires.txt
[1.907s] writing top-level names to ../../build/launch_substitution/launch_substitution.egg-info/top_level.txt
[1.976s] reading manifest file '../../build/launch_substitution/launch_substitution.egg-info/SOURCES.txt'
[1.977s] adding license file 'LICENSE'
[1.979s] writing manifest file '../../build/launch_substitution/launch_substitution.egg-info/SOURCES.txt'
[1.979s] running build
[1.979s] running build_py
[1.980s] copying launch_substitution/__init__.py -> /home/lydia-chheng/launch_ws/build/launch_substitution/build/lib/launch_substitution
[1.980s] running install
[1.988s] running install_lib
[2.022s] running install_data
[2.022s] copying resource/launch_substitution -> /home/lydia-chheng/launch_ws/install/launch_substitution/share/ament_index/resource_index/packages
[2.023s] copying package.xml -> /home/lydia-chheng/launch_ws/install/launch_substitution/share/launch_substitution
[2.023s] running install_egg_info
[2.060s] removing '/home/lydia-chheng/launch_ws/install/launch_substitution/lib/python3.10/site-packages/launch_substitution-0.0.0-py3.10.egg-info' (and everything under it)
[2.061s] Copying ../../build/launch_substitution/launch_substitution.egg-info to /home/lydia-chheng/launch_ws/install/launch_substitution/lib/python3.10/site-packages/launch_substitution-0.0.0-py3.10.egg-info
[2.062s] running install_scripts
[2.315s] writing list of installed files to '/home/lydia-chheng/launch_ws/build/launch_substitution/install.log'
[2.361s] Invoked command in '/home/lydia-chheng/launch_ws/src/launch_substitution' returned '0': PYTHONPATH=/home/lydia-chheng/launch_ws/build/launch_substitution/prefix_override:/usr/lib/python3/dist-packages/colcon_core/task/python/colcon_distutils_commands:/home/lydia-chheng/launch_ws/install/launch_substitution/lib/python3.10/site-packages:${PYTHONPATH} /usr/bin/python3 -W ignore:setup.py install is deprecated -W ignore:easy_install command is deprecated setup.py egg_info --egg-base ../../build/launch_substitution build --build-base /home/lydia-chheng/launch_ws/build/launch_substitution/build install --record /home/lydia-chheng/launch_ws/build/launch_substitution/install.log --single-version-externally-managed install_data
