running egg_info
writing ../../build/launch_tutorial/launch_tutorial.egg-info/PKG-INFO
writing dependency_links to ../../build/launch_tutorial/launch_tutorial.egg-info/dependency_links.txt
writing requirements to ../../build/launch_tutorial/launch_tutorial.egg-info/requires.txt
writing top-level names to ../../build/launch_tutorial/launch_tutorial.egg-info/top_level.txt
reading manifest file '../../build/launch_tutorial/launch_tutorial.egg-info/SOURCES.txt'
adding license file 'LICENSE'
writing manifest file '../../build/launch_tutorial/launch_tutorial.egg-info/SOURCES.txt'
running build
running build_py
copying launch_tutorial/__init__.py -> /home/lydia-chheng/launch_ws/build/launch_tutorial/build/lib/launch_tutorial
running install
running install_lib
running install_data
copying resource/launch_tutorial -> /home/lydia-chheng/launch_ws/install/launch_tutorial/share/ament_index/resource_index/packages
copying package.xml -> /home/lydia-chheng/launch_ws/install/launch_tutorial/share/launch_tutorial
copying launch/example_substitutions.launch.py -> /home/lydia-chheng/launch_ws/install/launch_tutorial/share/launch_tutorial/launch
copying launch/example_main.launch.py -> /home/lydia-chheng/launch_ws/install/launch_tutorial/share/launch_tutorial/launch
running install_egg_info
removing '/home/lydia-chheng/launch_ws/install/launch_tutorial/lib/python3.10/site-packages/launch_tutorial-0.0.0-py3.10.egg-info' (and everything under it)
Copying ../../build/launch_tutorial/launch_tutorial.egg-info to /home/lydia-chheng/launch_ws/install/launch_tutorial/lib/python3.10/site-packages/launch_tutorial-0.0.0-py3.10.egg-info
running install_scripts
writing list of installed files to '/home/lydia-chheng/launch_ws/build/launch_tutorial/install.log'
