[1.969s] Invoking command in '/home/lydia-chheng/launch_ws/src/launch_tutorial': PYTHONPATH=/home/lydia-chheng/launch_ws/build/launch_tutorial/prefix_override:/usr/lib/python3/dist-packages/colcon_core/task/python/colcon_distutils_commands:/home/lydia-chheng/launch_ws/install/launch_tutorial/lib/python3.10/site-packages:${PYTHONPATH} /usr/bin/python3 -W ignore:setup.py install is deprecated -W ignore:easy_install command is deprecated setup.py egg_info --egg-base ../../build/launch_tutorial build --build-base /home/lydia-chheng/launch_ws/build/launch_tutorial/build install --record /home/lydia-chheng/launch_ws/build/launch_tutorial/install.log --single-version-externally-managed install_data
[2.256s] /home/lydia-chheng/.local/lib/python3.10/site-packages/setuptools/_distutils/dist.py:261: UserWarning: Unknown distribution option: 'tests_require'
[2.256s]   warnings.warn(msg)
[2.456s] running egg_info
[2.488s] creating ../../build/launch_tutorial/launch_tutorial.egg-info
[2.488s] writing ../../build/launch_tutorial/launch_tutorial.egg-info/PKG-INFO
[2.489s] writing dependency_links to ../../build/launch_tutorial/launch_tutorial.egg-info/dependency_links.txt
[2.491s] writing requirements to ../../build/launch_tutorial/launch_tutorial.egg-info/requires.txt
[2.491s] writing top-level names to ../../build/launch_tutorial/launch_tutorial.egg-info/top_level.txt
[2.492s] writing manifest file '../../build/launch_tutorial/launch_tutorial.egg-info/SOURCES.txt'
[2.571s] reading manifest file '../../build/launch_tutorial/launch_tutorial.egg-info/SOURCES.txt'
[2.575s] adding license file 'LICENSE'
[2.575s] writing manifest file '../../build/launch_tutorial/launch_tutorial.egg-info/SOURCES.txt'
[2.577s] running build
[2.578s] running build_py
[2.578s] creating /home/lydia-chheng/launch_ws/build/launch_tutorial/build/lib/launch_tutorial
[2.578s] copying launch_tutorial/__init__.py -> /home/lydia-chheng/launch_ws/build/launch_tutorial/build/lib/launch_tutorial
[2.578s] running install
[2.595s] running install_lib
[2.657s] creating /home/lydia-chheng/launch_ws/install/launch_tutorial/lib/python3.10/site-packages/launch_tutorial
[2.657s] copying /home/lydia-chheng/launch_ws/build/launch_tutorial/build/lib/launch_tutorial/__init__.py -> /home/lydia-chheng/launch_ws/install/launch_tutorial/lib/python3.10/site-packages/launch_tutorial
[2.659s] byte-compiling /home/lydia-chheng/launch_ws/install/launch_tutorial/lib/python3.10/site-packages/launch_tutorial/__init__.py to __init__.cpython-310.pyc
[2.660s] running install_data
[2.661s] creating /home/lydia-chheng/launch_ws/install/launch_tutorial/share/ament_index/resource_index/packages
[2.663s] copying resource/launch_tutorial -> /home/lydia-chheng/launch_ws/install/launch_tutorial/share/ament_index/resource_index/packages
[2.663s] copying package.xml -> /home/lydia-chheng/launch_ws/install/launch_tutorial/share/launch_tutorial
[2.664s] creating /home/lydia-chheng/launch_ws/install/launch_tutorial/share/launch_tutorial/launch
[2.665s] copying launch/example_substitutions.launch.py -> /home/lydia-chheng/launch_ws/install/launch_tutorial/share/launch_tutorial/launch
[2.665s] copying launch/example_main.launch.py -> /home/lydia-chheng/launch_ws/install/launch_tutorial/share/launch_tutorial/launch
[2.666s] running install_egg_info
[2.723s] Copying ../../build/launch_tutorial/launch_tutorial.egg-info to /home/lydia-chheng/launch_ws/install/launch_tutorial/lib/python3.10/site-packages/launch_tutorial-0.0.0-py3.10.egg-info
[2.726s] running install_scripts
[3.047s] writing list of installed files to '/home/lydia-chheng/launch_ws/build/launch_tutorial/install.log'
[3.092s] Invoked command in '/home/lydia-chheng/launch_ws/src/launch_tutorial' returned '0': PYTHONPATH=/home/lydia-chheng/launch_ws/build/launch_tutorial/prefix_override:/usr/lib/python3/dist-packages/colcon_core/task/python/colcon_distutils_commands:/home/lydia-chheng/launch_ws/install/launch_tutorial/lib/python3.10/site-packages:${PYTHONPATH} /usr/bin/python3 -W ignore:setup.py install is deprecated -W ignore:easy_install command is deprecated setup.py egg_info --egg-base ../../build/launch_tutorial build --build-base /home/lydia-chheng/launch_ws/build/launch_tutorial/build install --record /home/lydia-chheng/launch_ws/build/launch_tutorial/install.log --single-version-externally-managed install_data
