[1.801s] Invoking command in '/home/lydia-chheng/launch_ws/src/launch_tutorial': PYTHONPATH=/home/lydia-chheng/launch_ws/build/launch_tutorial/prefix_override:/usr/lib/python3/dist-packages/colcon_core/task/python/colcon_distutils_commands:/home/lydia-chheng/launch_ws/install/launch_tutorial/lib/python3.10/site-packages:${PYTHONPATH} /usr/bin/python3 -W ignore:setup.py install is deprecated -W ignore:easy_install command is deprecated setup.py egg_info --egg-base ../../build/launch_tutorial build --build-base /home/lydia-chheng/launch_ws/build/launch_tutorial/build install --record /home/lydia-chheng/launch_ws/build/launch_tutorial/install.log --single-version-externally-managed install_data
[2.094s] /home/lydia-chheng/.local/lib/python3.10/site-packages/setuptools/_distutils/dist.py:261: UserWarning: Unknown distribution option: 'tests_require'
[2.095s]   warnings.warn(msg)
[2.309s] running egg_info
[2.343s] writing ../../build/launch_tutorial/launch_tutorial.egg-info/PKG-INFO
[2.344s] writing dependency_links to ../../build/launch_tutorial/launch_tutorial.egg-info/dependency_links.txt
[2.345s] writing requirements to ../../build/launch_tutorial/launch_tutorial.egg-info/requires.txt
[2.346s] writing top-level names to ../../build/launch_tutorial/launch_tutorial.egg-info/top_level.txt
[2.416s] reading manifest file '../../build/launch_tutorial/launch_tutorial.egg-info/SOURCES.txt'
[2.417s] adding license file 'LICENSE'
[2.419s] writing manifest file '../../build/launch_tutorial/launch_tutorial.egg-info/SOURCES.txt'
[2.420s] running build
[2.420s] running build_py
[2.420s] copying launch_tutorial/__init__.py -> /home/lydia-chheng/launch_ws/build/launch_tutorial/build/lib/launch_tutorial
[2.420s] running install
[2.430s] running install_lib
[2.482s] running install_data
[2.482s] copying resource/launch_tutorial -> /home/lydia-chheng/launch_ws/install/launch_tutorial/share/ament_index/resource_index/packages
[2.483s] copying package.xml -> /home/lydia-chheng/launch_ws/install/launch_tutorial/share/launch_tutorial
[2.483s] copying launch/example_substitutions.launch.py -> /home/lydia-chheng/launch_ws/install/launch_tutorial/share/launch_tutorial/launch
[2.485s] copying launch/example_main.launch.py -> /home/lydia-chheng/launch_ws/install/launch_tutorial/share/launch_tutorial/launch
[2.485s] running install_egg_info
[2.539s] removing '/home/lydia-chheng/launch_ws/install/launch_tutorial/lib/python3.10/site-packages/launch_tutorial-0.0.0-py3.10.egg-info' (and everything under it)
[2.539s] Copying ../../build/launch_tutorial/launch_tutorial.egg-info to /home/lydia-chheng/launch_ws/install/launch_tutorial/lib/python3.10/site-packages/launch_tutorial-0.0.0-py3.10.egg-info
[2.541s] running install_scripts
[2.889s] writing list of installed files to '/home/lydia-chheng/launch_ws/build/launch_tutorial/install.log'
[2.966s] Invoked command in '/home/lydia-chheng/launch_ws/src/launch_tutorial' returned '0': PYTHONPATH=/home/lydia-chheng/launch_ws/build/launch_tutorial/prefix_override:/usr/lib/python3/dist-packages/colcon_core/task/python/colcon_distutils_commands:/home/lydia-chheng/launch_ws/install/launch_tutorial/lib/python3.10/site-packages:${PYTHONPATH} /usr/bin/python3 -W ignore:setup.py install is deprecated -W ignore:easy_install command is deprecated setup.py egg_info --egg-base ../../build/launch_tutorial build --build-base /home/lydia-chheng/launch_ws/build/launch_tutorial/build install --record /home/lydia-chheng/launch_ws/build/launch_tutorial/install.log --single-version-externally-managed install_data
